@checkout @smoke
Característica: Compra en SauceDemo # Scenarios/checkout/checkout.feature:3
  Como usuario de SauceDemo
  Quiero completar una compra
  Para confirmar el pedido
  @exitoso @critical
  Esquema del escenario: compra exitosa -- @1.1                                 # Scenarios/checkout/checkout.feature:22
    Dado el usuario inicia sesion con "standard_user" y "secret_sauce"          # Script/modules/features/checkout/checkoutStep.py:5
    Cuando agrega los productos "Sauce Labs Backpack" y "Sauce Labs Bike Light" # Script/modules/features/checkout/checkoutStep.py:11
    Y hace click en el carrito de compra                                        # Script/modules/features/checkout/checkoutStep.py:21
    Y hace click en checkout                                                    # Script/modules/features/checkout/checkoutStep.py:26
    Y completa el formulario con "Joel", "Santos", "21005"                      # Script/modules/features/checkout/checkoutStep.py:31
    Y hace click en continue                                                    # Script/modules/features/checkout/checkoutStep.py:36
    Y verifica las compras                                                      # Script/modules/features/checkout/checkoutStep.py:41
    Y hace click en finish que finaliza la compra                               # Script/modules/features/checkout/checkoutStep.py:51
    Entonces deberia ver la confirmacion "Thank you for your order!"            # Script/modules/features/checkout/checkoutStep.py:56

@login @smoke
Característica: Login en SauceDemo # Scenarios/login/login.feature:3
  Como usuario de SauceDemo
  Quiero poder iniciar sesion en la plataforma
  Para acceder a las funcionalidades del sistema
  @exitoso @critical
  Esquema del escenario: proceso de login exitoso -- @1.1    # Scenarios/login/login.feature:16
    Dado abre la aplicacion                                  # Script/modules/features/login/loginStep.py:5
    Y el usuario ingresa su "standard_user" y "secret_sauce" # Script/modules/features/login/loginStep.py:12
    Entonces el usuario deberia ver la pagina de productos   # Script/modules/features/login/loginStep.py:20

